<?xml version="1.0" encoding="UTF-8"?>
<!-- Generated by org.testng.reporters.JUnitXMLReporter -->
<testsuite hostname="DESKTOP-T3EO6I8" ignored="0" name="hub spot regression Test" tests="3" failures="0" timestamp="23 Feb 2020 08:58:05 GMT" time="61.393" errors="0">
  <testcase name="loginPageTitleTest" time="6.405" classname="com.qa.hubspot.tests.LoginPageTest"/>
  <testcase name="signUpLinkTest" time="5.91" classname="com.qa.hubspot.tests.LoginPageTest"/>
  <testcase name="loginTest" time="8.598" classname="com.qa.hubspot.tests.LoginPageTest"/>
</testsuite> <!-- hub spot regression Test -->
