<?xml version="1.0" encoding="UTF-8"?>
<!-- Generated by org.testng.reporters.JUnitXMLReporter -->
<testsuite hostname="SHREE-PC" ignored="0" name="hub spot regression Test" tests="3" failures="0" timestamp="23 Feb 2020 19:36:04 GMT" time="40.536" errors="0">
  <testcase name="loginPageTitleTest" time="7.221" classname="com.qa.hubspot.tests.LoginPageTest"/>
  <testcase name="signUpLinkTest" time="8.39" classname="com.qa.hubspot.tests.LoginPageTest"/>
  <testcase name="loginTest" time="12.579" classname="com.qa.hubspot.tests.LoginPageTest"/>
</testsuite> <!-- hub spot regression Test -->
